<?xml version="1.0" encoding="UTF-8"?>
<!-- Generated by org.testng.reporters.JUnitReportReporter -->
<testsuite hostname="LeKiosks-Mac-mini.local" name="android.Pages.SignUpTest" tests="9" failures="0" timestamp="27 Jun 2018 13:59:12 GMT" time="238.223" errors="0">
  <testcase name="test_09_SignUpWithValidCredentials4" time="36.583" classname="android.Pages.SignUpTest"/>
  <testcase name="test_02_CreateAccountWithEmptyFields" time="4.160" classname="android.Pages.SignUpTest"/>
  <testcase name="test_08_SignUpWithValidCredentials3" time="38.109" classname="android.Pages.SignUpTest"/>
  <testcase name="test_03_SingUpWithWrongEmail" time="28.992" classname="android.Pages.SignUpTest"/>
  <testcase name="test_05_ValidEmailDifferentPasswords" time="28.555" classname="android.Pages.SignUpTest"/>
  <testcase name="test_07_SignUpWithValidCredentials" time="34.934" classname="android.Pages.SignUpTest"/>
  <testcase name="test_04_ValidEmailShortPw" time="29.980" classname="android.Pages.SignUpTest"/>
  <testcase name="test_01_GraphicControll" time="7.910" classname="android.Pages.SignUpTest"/>
  <testcase name="test_06_SignUpWithExistingAccount" time="29.000" classname="android.Pages.SignUpTest"/>
</testsuite> <!-- android.Pages.SignUpTest -->
